[29-Sep-2015 13:19:21 UTC] PHP Warning:  parse_ini_file(config.ini): failed to open stream: No such file or directory in /home/ubuntu/workspace/php-func/conexion.php on line 12
[29-Sep-2015 13:19:21 UTC] PHP Stack trace:
[29-Sep-2015 13:19:21 UTC] PHP   1. {main}() /home/ubuntu/workspace/php-func/nuevo-score.php:0
[29-Sep-2015 13:19:21 UTC] PHP   2. Conexion->__construct() /home/ubuntu/workspace/php-func/nuevo-score.php:36
[29-Sep-2015 13:19:21 UTC] PHP   3. parse_ini_file() /home/ubuntu/workspace/php-func/conexion.php:12
[29-Sep-2015 13:19:21 UTC] PHP Warning:  mysqli::mysqli(): (HY000/1045): Access denied for user ''@'localhost' (using password: NO) in /home/ubuntu/workspace/php-func/conexion.php on line 17
[29-Sep-2015 13:19:21 UTC] PHP Stack trace:
[29-Sep-2015 13:19:21 UTC] PHP   1. {main}() /home/ubuntu/workspace/php-func/nuevo-score.php:0
[29-Sep-2015 13:19:21 UTC] PHP   2. Conexion->__construct() /home/ubuntu/workspace/php-func/nuevo-score.php:36
[29-Sep-2015 13:19:21 UTC] PHP   3. mysqli->mysqli() /home/ubuntu/workspace/php-func/conexion.php:17
[29-Sep-2015 13:19:21 UTC] PHP Warning:  mysqli::query(): Couldn't fetch mysqli in /home/ubuntu/workspace/php-func/conexion.php on line 25
[29-Sep-2015 13:19:21 UTC] PHP Stack trace:
[29-Sep-2015 13:19:21 UTC] PHP   1. {main}() /home/ubuntu/workspace/php-func/nuevo-score.php:0
[29-Sep-2015 13:19:21 UTC] PHP   2. Conexion->ejecutarQuery() /home/ubuntu/workspace/php-func/nuevo-score.php:37
[29-Sep-2015 13:19:21 UTC] PHP   3. mysqli->query() /home/ubuntu/workspace/php-func/conexion.php:25
[29-Sep-2015 13:20:16 UTC] PHP Warning:  parse_ini_file(config.ini): failed to open stream: No such file or directory in /home/ubuntu/workspace/php-func/conexion.php on line 12
[29-Sep-2015 13:20:16 UTC] PHP Stack trace:
[29-Sep-2015 13:20:16 UTC] PHP   1. {main}() /home/ubuntu/workspace/php-func/nuevo-score.php:0
[29-Sep-2015 13:20:16 UTC] PHP   2. Conexion->__construct() /home/ubuntu/workspace/php-func/nuevo-score.php:40
[29-Sep-2015 13:20:16 UTC] PHP   3. parse_ini_file() /home/ubuntu/workspace/php-func/conexion.php:12
[29-Sep-2015 13:20:16 UTC] PHP Warning:  mysqli::mysqli(): (HY000/1045): Access denied for user ''@'localhost' (using password: NO) in /home/ubuntu/workspace/php-func/conexion.php on line 17
[29-Sep-2015 13:20:16 UTC] PHP Stack trace:
[29-Sep-2015 13:20:16 UTC] PHP   1. {main}() /home/ubuntu/workspace/php-func/nuevo-score.php:0
[29-Sep-2015 13:20:16 UTC] PHP   2. Conexion->__construct() /home/ubuntu/workspace/php-func/nuevo-score.php:40
[29-Sep-2015 13:20:16 UTC] PHP   3. mysqli->mysqli() /home/ubuntu/workspace/php-func/conexion.php:17
[29-Sep-2015 13:20:16 UTC] PHP Warning:  mysqli::query(): Couldn't fetch mysqli in /home/ubuntu/workspace/php-func/conexion.php on line 25
[29-Sep-2015 13:20:16 UTC] PHP Stack trace:
[29-Sep-2015 13:20:16 UTC] PHP   1. {main}() /home/ubuntu/workspace/php-func/nuevo-score.php:0
[29-Sep-2015 13:20:16 UTC] PHP   2. Conexion->ejecutarQuery() /home/ubuntu/workspace/php-func/nuevo-score.php:41
[29-Sep-2015 13:20:16 UTC] PHP   3. mysqli->query() /home/ubuntu/workspace/php-func/conexion.php:25
[29-Sep-2015 13:34:07 UTC] PHP Warning:  parse_ini_file(config.ini): failed to open stream: No such file or directory in /home/ubuntu/workspace/php-func/conexion.php on line 12
[29-Sep-2015 13:34:07 UTC] PHP Stack trace:
[29-Sep-2015 13:34:07 UTC] PHP   1. {main}() /home/ubuntu/workspace/php-func/nuevo-score.php:0
[29-Sep-2015 13:34:07 UTC] PHP   2. Conexion->__construct() /home/ubuntu/workspace/php-func/nuevo-score.php:35
[29-Sep-2015 13:34:07 UTC] PHP   3. parse_ini_file() /home/ubuntu/workspace/php-func/conexion.php:12
[29-Sep-2015 13:34:07 UTC] PHP Warning:  mysqli::mysqli(): (HY000/1045): Access denied for user ''@'localhost' (using password: NO) in /home/ubuntu/workspace/php-func/conexion.php on line 17
[29-Sep-2015 13:34:07 UTC] PHP Stack trace:
[29-Sep-2015 13:34:07 UTC] PHP   1. {main}() /home/ubuntu/workspace/php-func/nuevo-score.php:0
[29-Sep-2015 13:34:07 UTC] PHP   2. Conexion->__construct() /home/ubuntu/workspace/php-func/nuevo-score.php:35
[29-Sep-2015 13:34:07 UTC] PHP   3. mysqli->mysqli() /home/ubuntu/workspace/php-func/conexion.php:17
[29-Sep-2015 13:34:07 UTC] PHP Warning:  mysqli::query(): Couldn't fetch mysqli in /home/ubuntu/workspace/php-func/conexion.php on line 25
[29-Sep-2015 13:34:07 UTC] PHP Stack trace:
[29-Sep-2015 13:34:07 UTC] PHP   1. {main}() /home/ubuntu/workspace/php-func/nuevo-score.php:0
[29-Sep-2015 13:34:07 UTC] PHP   2. Conexion->ejecutarQuery() /home/ubuntu/workspace/php-func/nuevo-score.php:36
[29-Sep-2015 13:34:07 UTC] PHP   3. mysqli->query() /home/ubuntu/workspace/php-func/conexion.php:25
[29-Sep-2015 13:47:29 UTC] PHP Warning:  parse_ini_file(config.ini): failed to open stream: No such file or directory in /home/ubuntu/workspace/php-func/conexion.php on line 12
[29-Sep-2015 13:47:29 UTC] PHP Stack trace:
[29-Sep-2015 13:47:29 UTC] PHP   1. {main}() /home/ubuntu/workspace/php-func/nuevo-score.php:0
[29-Sep-2015 13:47:29 UTC] PHP   2. Conexion->__construct() /home/ubuntu/workspace/php-func/nuevo-score.php:35
[29-Sep-2015 13:47:29 UTC] PHP   3. parse_ini_file() /home/ubuntu/workspace/php-func/conexion.php:12
[29-Sep-2015 13:47:29 UTC] PHP Warning:  mysqli::mysqli(): (HY000/1045): Access denied for user ''@'localhost' (using password: NO) in /home/ubuntu/workspace/php-func/conexion.php on line 17
[29-Sep-2015 13:47:29 UTC] PHP Stack trace:
[29-Sep-2015 13:47:29 UTC] PHP   1. {main}() /home/ubuntu/workspace/php-func/nuevo-score.php:0
[29-Sep-2015 13:47:29 UTC] PHP   2. Conexion->__construct() /home/ubuntu/workspace/php-func/nuevo-score.php:35
[29-Sep-2015 13:47:29 UTC] PHP   3. mysqli->mysqli() /home/ubuntu/workspace/php-func/conexion.php:17
[29-Sep-2015 13:47:29 UTC] PHP Warning:  mysqli::query(): Couldn't fetch mysqli in /home/ubuntu/workspace/php-func/conexion.php on line 25
[29-Sep-2015 13:47:29 UTC] PHP Stack trace:
[29-Sep-2015 13:47:29 UTC] PHP   1. {main}() /home/ubuntu/workspace/php-func/nuevo-score.php:0
[29-Sep-2015 13:47:29 UTC] PHP   2. Conexion->ejecutarQuery() /home/ubuntu/workspace/php-func/nuevo-score.php:36
[29-Sep-2015 13:47:29 UTC] PHP   3. mysqli->query() /home/ubuntu/workspace/php-func/conexion.php:25
[29-Sep-2015 13:53:57 UTC] PHP Warning:  parse_ini_file(config.ini): failed to open stream: No such file or directory in /home/ubuntu/workspace/php-func/conexion.php on line 12
[29-Sep-2015 13:53:57 UTC] PHP Stack trace:
[29-Sep-2015 13:53:57 UTC] PHP   1. {main}() /home/ubuntu/workspace/php-func/nuevo-score.php:0
[29-Sep-2015 13:53:57 UTC] PHP   2. Conexion->__construct() /home/ubuntu/workspace/php-func/nuevo-score.php:35
[29-Sep-2015 13:53:57 UTC] PHP   3. parse_ini_file() /home/ubuntu/workspace/php-func/conexion.php:12
[29-Sep-2015 13:53:57 UTC] PHP Warning:  mysqli::mysqli(): (HY000/1045): Access denied for user ''@'localhost' (using password: NO) in /home/ubuntu/workspace/php-func/conexion.php on line 17
[29-Sep-2015 13:53:57 UTC] PHP Stack trace:
[29-Sep-2015 13:53:57 UTC] PHP   1. {main}() /home/ubuntu/workspace/php-func/nuevo-score.php:0
[29-Sep-2015 13:53:57 UTC] PHP   2. Conexion->__construct() /home/ubuntu/workspace/php-func/nuevo-score.php:35
[29-Sep-2015 13:53:57 UTC] PHP   3. mysqli->mysqli() /home/ubuntu/workspace/php-func/conexion.php:17
[29-Sep-2015 13:53:57 UTC] PHP Warning:  mysqli::query(): Couldn't fetch mysqli in /home/ubuntu/workspace/php-func/conexion.php on line 25
[29-Sep-2015 13:53:57 UTC] PHP Stack trace:
[29-Sep-2015 13:53:57 UTC] PHP   1. {main}() /home/ubuntu/workspace/php-func/nuevo-score.php:0
[29-Sep-2015 13:53:57 UTC] PHP   2. Conexion->ejecutarQuery() /home/ubuntu/workspace/php-func/nuevo-score.php:37
[29-Sep-2015 13:53:57 UTC] PHP   3. mysqli->query() /home/ubuntu/workspace/php-func/conexion.php:25
[29-Sep-2015 13:54:20 UTC] PHP Warning:  parse_ini_file(config.ini): failed to open stream: No such file or directory in /home/ubuntu/workspace/php-func/conexion.php on line 12
[29-Sep-2015 13:54:20 UTC] PHP Stack trace:
[29-Sep-2015 13:54:20 UTC] PHP   1. {main}() /home/ubuntu/workspace/php-func/nuevo-score.php:0
[29-Sep-2015 13:54:20 UTC] PHP   2. Conexion->__construct() /home/ubuntu/workspace/php-func/nuevo-score.php:35
[29-Sep-2015 13:54:20 UTC] PHP   3. parse_ini_file() /home/ubuntu/workspace/php-func/conexion.php:12
[29-Sep-2015 13:54:20 UTC] PHP Warning:  mysqli::mysqli(): (HY000/1045): Access denied for user ''@'localhost' (using password: NO) in /home/ubuntu/workspace/php-func/conexion.php on line 17
[29-Sep-2015 13:54:20 UTC] PHP Stack trace:
[29-Sep-2015 13:54:20 UTC] PHP   1. {main}() /home/ubuntu/workspace/php-func/nuevo-score.php:0
[29-Sep-2015 13:54:20 UTC] PHP   2. Conexion->__construct() /home/ubuntu/workspace/php-func/nuevo-score.php:35
[29-Sep-2015 13:54:20 UTC] PHP   3. mysqli->mysqli() /home/ubuntu/workspace/php-func/conexion.php:17
[29-Sep-2015 13:54:20 UTC] PHP Warning:  mysqli::query(): Couldn't fetch mysqli in /home/ubuntu/workspace/php-func/conexion.php on line 25
[29-Sep-2015 13:54:20 UTC] PHP Stack trace:
[29-Sep-2015 13:54:20 UTC] PHP   1. {main}() /home/ubuntu/workspace/php-func/nuevo-score.php:0
[29-Sep-2015 13:54:20 UTC] PHP   2. Conexion->ejecutarQuery() /home/ubuntu/workspace/php-func/nuevo-score.php:37
[29-Sep-2015 13:54:20 UTC] PHP   3. mysqli->query() /home/ubuntu/workspace/php-func/conexion.php:25
[29-Sep-2015 14:03:43 UTC] PHP Warning:  parse_ini_file(config.ini): failed to open stream: No such file or directory in /home/ubuntu/workspace/php-func/conexion.php on line 12
[29-Sep-2015 14:03:43 UTC] PHP Stack trace:
[29-Sep-2015 14:03:43 UTC] PHP   1. {main}() /home/ubuntu/workspace/php-func/nuevo-score.php:0
[29-Sep-2015 14:03:43 UTC] PHP   2. Conexion->__construct() /home/ubuntu/workspace/php-func/nuevo-score.php:35
[29-Sep-2015 14:03:43 UTC] PHP   3. parse_ini_file() /home/ubuntu/workspace/php-func/conexion.php:12
[29-Sep-2015 14:03:43 UTC] PHP Warning:  mysqli::mysqli(): (HY000/1045): Access denied for user ''@'localhost' (using password: NO) in /home/ubuntu/workspace/php-func/conexion.php on line 17
[29-Sep-2015 14:03:43 UTC] PHP Stack trace:
[29-Sep-2015 14:03:43 UTC] PHP   1. {main}() /home/ubuntu/workspace/php-func/nuevo-score.php:0
[29-Sep-2015 14:03:43 UTC] PHP   2. Conexion->__construct() /home/ubuntu/workspace/php-func/nuevo-score.php:35
[29-Sep-2015 14:03:43 UTC] PHP   3. mysqli->mysqli() /home/ubuntu/workspace/php-func/conexion.php:17
[29-Sep-2015 14:03:43 UTC] PHP Warning:  mysqli::query(): Couldn't fetch mysqli in /home/ubuntu/workspace/php-func/conexion.php on line 25
[29-Sep-2015 14:03:43 UTC] PHP Stack trace:
[29-Sep-2015 14:03:43 UTC] PHP   1. {main}() /home/ubuntu/workspace/php-func/nuevo-score.php:0
[29-Sep-2015 14:03:43 UTC] PHP   2. Conexion->ejecutarQuery() /home/ubuntu/workspace/php-func/nuevo-score.php:37
[29-Sep-2015 14:03:43 UTC] PHP   3. mysqli->query() /home/ubuntu/workspace/php-func/conexion.php:25
[29-Sep-2015 16:07:21 UTC] PHP Warning:  include(include/includes.html): failed to open stream: No such file or directory in /home/ubuntu/workspace/pages/canciones.php on line 6
[29-Sep-2015 16:07:21 UTC] PHP Stack trace:
[29-Sep-2015 16:07:21 UTC] PHP   1. {main}() /home/ubuntu/workspace/pages/canciones.php:0
[29-Sep-2015 16:07:21 UTC] PHP Warning:  include(): Failed opening 'include/includes.html' for inclusion (include_path='.:/usr/share/php:/usr/share/pear') in /home/ubuntu/workspace/pages/canciones.php on line 6
[29-Sep-2015 16:07:21 UTC] PHP Stack trace:
[29-Sep-2015 16:07:21 UTC] PHP   1. {main}() /home/ubuntu/workspace/pages/canciones.php:0
[29-Sep-2015 16:07:21 UTC] PHP Warning:  include(include/header.html): failed to open stream: No such file or directory in /home/ubuntu/workspace/pages/canciones.php on line 15
[29-Sep-2015 16:07:21 UTC] PHP Stack trace:
[29-Sep-2015 16:07:21 UTC] PHP   1. {main}() /home/ubuntu/workspace/pages/canciones.php:0
[29-Sep-2015 16:07:21 UTC] PHP Warning:  include(): Failed opening 'include/header.html' for inclusion (include_path='.:/usr/share/php:/usr/share/pear') in /home/ubuntu/workspace/pages/canciones.php on line 15
[29-Sep-2015 16:07:21 UTC] PHP Stack trace:
[29-Sep-2015 16:07:21 UTC] PHP   1. {main}() /home/ubuntu/workspace/pages/canciones.php:0
[29-Sep-2015 16:07:21 UTC] PHP Warning:  include(php-func/consultas.php): failed to open stream: No such file or directory in /home/ubuntu/workspace/pages/canciones.php on line 16
[29-Sep-2015 16:07:21 UTC] PHP Stack trace:
[29-Sep-2015 16:07:21 UTC] PHP   1. {main}() /home/ubuntu/workspace/pages/canciones.php:0
[29-Sep-2015 16:07:21 UTC] PHP Warning:  include(): Failed opening 'php-func/consultas.php' for inclusion (include_path='.:/usr/share/php:/usr/share/pear') in /home/ubuntu/workspace/pages/canciones.php on line 16
[29-Sep-2015 16:07:21 UTC] PHP Stack trace:
[29-Sep-2015 16:07:21 UTC] PHP   1. {main}() /home/ubuntu/workspace/pages/canciones.php:0
[02-Oct-2015 13:40:24 UTC] PHP Fatal error:  Call to undefined function getSelectArtistas() in /home/ubuntu/workspace/pages/canciones.php on line 71
[02-Oct-2015 13:40:24 UTC] PHP Stack trace:
[02-Oct-2015 13:40:24 UTC] PHP   1. {main}() /home/ubuntu/workspace/pages/canciones.php:0
[02-Oct-2015 13:40:38 UTC] PHP Fatal error:  Call to undefined function getSelectArtistas() in /home/ubuntu/workspace/pages/canciones.php on line 71
[02-Oct-2015 13:40:38 UTC] PHP Stack trace:
[02-Oct-2015 13:40:38 UTC] PHP   1. {main}() /home/ubuntu/workspace/pages/canciones.php:0
[02-Oct-2015 19:21:29 UTC] PHP Parse error:  syntax error, unexpected '}' in /home/ubuntu/workspace/php-func/guardar-cancion.php on line 51
[02-Oct-2015 19:41:25 UTC] PHP Catchable fatal error:  Object of class mysqli_result could not be converted to string in /home/ubuntu/workspace/php-func/guardar-cancion.php on line 21
[02-Oct-2015 19:41:25 UTC] PHP Stack trace:
[02-Oct-2015 19:41:25 UTC] PHP   1. {main}() /home/ubuntu/workspace/php-func/guardar-cancion.php:0
[05-Oct-2015 18:02:28 UTC] PHP Fatal error:  Call to a member function fetch_row() on a non-object in /home/ubuntu/workspace/php-func/guardar-artista.php on line 24
[05-Oct-2015 18:02:28 UTC] PHP Stack trace:
[05-Oct-2015 18:02:28 UTC] PHP   1. {main}() /home/ubuntu/workspace/php-func/guardar-artista.php:0
[05-Oct-2015 18:03:27 UTC] PHP Fatal error:  Call to a member function fetch_row() on a non-object in /home/ubuntu/workspace/php-func/guardar-artista.php on line 24
[05-Oct-2015 18:03:27 UTC] PHP Stack trace:
[05-Oct-2015 18:03:27 UTC] PHP   1. {main}() /home/ubuntu/workspace/php-func/guardar-artista.php:0
[05-Oct-2015 18:04:48 UTC] PHP Fatal error:  Call to a member function fetch_row() on a non-object in /home/ubuntu/workspace/php-func/guardar-artista.php on line 24
[05-Oct-2015 18:04:48 UTC] PHP Stack trace:
[05-Oct-2015 18:04:48 UTC] PHP   1. {main}() /home/ubuntu/workspace/php-func/guardar-artista.php:0
[05-Oct-2015 18:09:37 UTC] PHP Fatal error:  Cannot redeclare class Conexion in /home/ubuntu/workspace/php-func/conexion.php on line 3
[05-Oct-2015 18:09:37 UTC] PHP Stack trace:
[05-Oct-2015 18:09:37 UTC] PHP   1. {main}() /home/ubuntu/workspace/php-func/guardar-cancion.php:0
[05-Oct-2015 18:09:37 UTC] PHP   2. include() /home/ubuntu/workspace/php-func/guardar-cancion.php:12
[05-Oct-2015 18:17:03 UTC] PHP Fatal error:  Cannot redeclare class Conexion in /home/ubuntu/workspace/php-func/conexion.php on line 3
[05-Oct-2015 18:17:03 UTC] PHP Stack trace:
[05-Oct-2015 18:17:03 UTC] PHP   1. {main}() /home/ubuntu/workspace/php-func/guardar-cancion.php:0
[05-Oct-2015 18:17:03 UTC] PHP   2. include() /home/ubuntu/workspace/php-func/guardar-cancion.php:12
[06-Oct-2015 14:01:06 UTC] PHP Parse error:  syntax error, unexpected end of file in /home/ubuntu/workspace/php-func/consultas.php on line 236
[06-Oct-2015 14:01:06 UTC] PHP Stack trace:
[06-Oct-2015 14:01:06 UTC] PHP   1. {main}() /home/ubuntu/workspace/pages/canciones.php:0
[06-Oct-2015 14:01:14 UTC] PHP Parse error:  syntax error, unexpected end of file in /home/ubuntu/workspace/php-func/consultas.php on line 236
[06-Oct-2015 14:01:14 UTC] PHP Stack trace:
[06-Oct-2015 14:01:14 UTC] PHP   1. {main}() /home/ubuntu/workspace/pages/canciones.php:0
[06-Oct-2015 14:01:19 UTC] PHP Parse error:  syntax error, unexpected end of file in /home/ubuntu/workspace/php-func/consultas.php on line 236
[06-Oct-2015 14:01:19 UTC] PHP Stack trace:
[06-Oct-2015 14:01:19 UTC] PHP   1. {main}() /home/ubuntu/workspace/pages/canciones.php:0
[06-Oct-2015 14:01:25 UTC] PHP Parse error:  syntax error, unexpected end of file in /home/ubuntu/workspace/php-func/consultas.php on line 236
[06-Oct-2015 14:01:25 UTC] PHP Stack trace:
[06-Oct-2015 14:01:25 UTC] PHP   1. {main}() /home/ubuntu/workspace/pages/artistas.php:0
[06-Oct-2015 14:01:25 UTC] PHP Parse error:  syntax error, unexpected end of file in /home/ubuntu/workspace/php-func/consultas.php on line 236
[06-Oct-2015 14:01:25 UTC] PHP Stack trace:
[06-Oct-2015 14:01:25 UTC] PHP   1. {main}() /home/ubuntu/workspace/php-func/tabla-artistas.php:0
[06-Oct-2015 14:01:29 UTC] PHP Parse error:  syntax error, unexpected end of file in /home/ubuntu/workspace/php-func/consultas.php on line 236
[06-Oct-2015 14:01:29 UTC] PHP Stack trace:
[06-Oct-2015 14:01:29 UTC] PHP   1. {main}() /home/ubuntu/workspace/pages/canciones.php:0
[06-Oct-2015 14:01:31 UTC] PHP Parse error:  syntax error, unexpected end of file in /home/ubuntu/workspace/php-func/consultas.php on line 236
[06-Oct-2015 14:01:31 UTC] PHP Stack trace:
[06-Oct-2015 14:01:31 UTC] PHP   1. {main}() /home/ubuntu/workspace/pages/canciones.php:0
[06-Oct-2015 14:06:56 UTC] PHP Parse error:  syntax error, unexpected end of file in /home/ubuntu/workspace/php-func/consultas.php on line 235
[06-Oct-2015 14:06:56 UTC] PHP Stack trace:
[06-Oct-2015 14:06:56 UTC] PHP   1. {main}() /home/ubuntu/workspace/pages/canciones.php:0
[15-Oct-2015 19:26:02 UTC] PHP Fatal error:  Call to a member function fetch_row() on a non-object in /home/ubuntu/workspace/php-func/guardar-cancion.php on line 21
[15-Oct-2015 19:26:02 UTC] PHP Stack trace:
[15-Oct-2015 19:26:02 UTC] PHP   1. {main}() /home/ubuntu/workspace/php-func/guardar-cancion.php:0
[15-Oct-2015 19:31:45 UTC] PHP Warning:  Illegal string offset 'ultimoId' in /home/ubuntu/workspace/php-func/guardar-cancion.php on line 21
[15-Oct-2015 19:31:45 UTC] PHP Stack trace:
[15-Oct-2015 19:31:45 UTC] PHP   1. {main}() /home/ubuntu/workspace/php-func/guardar-cancion.php:0
[15-Oct-2015 19:31:45 UTC] PHP Fatal error:  Call to a member function fetch_row() on a non-object in /home/ubuntu/workspace/php-func/guardar-cancion.php on line 21
[15-Oct-2015 19:31:45 UTC] PHP Stack trace:
[15-Oct-2015 19:31:45 UTC] PHP   1. {main}() /home/ubuntu/workspace/php-func/guardar-cancion.php:0
[15-Oct-2015 19:34:30 UTC] PHP Fatal error:  Call to a member function fetch_row() on a non-object in /home/ubuntu/workspace/php-func/guardar-cancion.php on line 21
[15-Oct-2015 19:34:30 UTC] PHP Stack trace:
[15-Oct-2015 19:34:30 UTC] PHP   1. {main}() /home/ubuntu/workspace/php-func/guardar-cancion.php:0
[15-Oct-2015 19:34:30 UTC] PHP Fatal error:  Call to a member function fetch_row() on a non-object in /home/ubuntu/workspace/php-func/guardar-cancion.php on line 21
[15-Oct-2015 19:34:30 UTC] PHP Stack trace:
[15-Oct-2015 19:34:30 UTC] PHP   1. {main}() /home/ubuntu/workspace/php-func/guardar-cancion.php:0
[15-Oct-2015 19:39:35 UTC] PHP Fatal error:  Call to a member function fetch_row() on a non-object in /home/ubuntu/workspace/php-func/guardar-cancion.php on line 21
[15-Oct-2015 19:39:35 UTC] PHP Stack trace:
[15-Oct-2015 19:39:35 UTC] PHP   1. {main}() /home/ubuntu/workspace/php-func/guardar-cancion.php:0
[15-Oct-2015 19:40:08 UTC] PHP Warning:  Illegal string offset 'ultimoId' in /home/ubuntu/workspace/php-func/guardar-cancion.php on line 21
[15-Oct-2015 19:40:08 UTC] PHP Stack trace:
[15-Oct-2015 19:40:08 UTC] PHP   1. {main}() /home/ubuntu/workspace/php-func/guardar-cancion.php:0
[15-Oct-2015 19:40:08 UTC] PHP Fatal error:  Call to a member function fetch_array() on a non-object in /home/ubuntu/workspace/php-func/guardar-cancion.php on line 21
[15-Oct-2015 19:40:08 UTC] PHP Stack trace:
[15-Oct-2015 19:40:08 UTC] PHP   1. {main}() /home/ubuntu/workspace/php-func/guardar-cancion.php:0
[15-Oct-2015 19:42:58 UTC] PHP Fatal error:  Call to a member function fetch_row() on a non-object in /home/ubuntu/workspace/php-func/guardar-cancion.php on line 21
[15-Oct-2015 19:42:58 UTC] PHP Stack trace:
[15-Oct-2015 19:42:58 UTC] PHP   1. {main}() /home/ubuntu/workspace/php-func/guardar-cancion.php:0
[15-Oct-2015 19:47:09 UTC] PHP Fatal error:  Call to a member function fetch_all() on a non-object in /home/ubuntu/workspace/php-func/guardar-cancion.php on line 21
[15-Oct-2015 19:47:09 UTC] PHP Stack trace:
[15-Oct-2015 19:47:09 UTC] PHP   1. {main}() /home/ubuntu/workspace/php-func/guardar-cancion.php:0
[15-Oct-2015 19:47:24 UTC] PHP Fatal error:  Call to a member function fetch_all() on a non-object in /home/ubuntu/workspace/php-func/guardar-cancion.php on line 21
[15-Oct-2015 19:47:24 UTC] PHP Stack trace:
[15-Oct-2015 19:47:24 UTC] PHP   1. {main}() /home/ubuntu/workspace/php-func/guardar-cancion.php:0
[15-Oct-2015 19:48:38 UTC] PHP Fatal error:  Call to a member function fetch_all() on a non-object in /home/ubuntu/workspace/php-func/guardar-cancion.php on line 21
[15-Oct-2015 19:48:38 UTC] PHP Stack trace:
[15-Oct-2015 19:48:38 UTC] PHP   1. {main}() /home/ubuntu/workspace/php-func/guardar-cancion.php:0
[15-Oct-2015 19:49:23 UTC] PHP Fatal error:  Call to a member function fetch_all() on a non-object in /home/ubuntu/workspace/php-func/guardar-cancion.php on line 21
[15-Oct-2015 19:49:23 UTC] PHP Stack trace:
[15-Oct-2015 19:49:23 UTC] PHP   1. {main}() /home/ubuntu/workspace/php-func/guardar-cancion.php:0
[15-Oct-2015 19:49:51 UTC] PHP Fatal error:  Call to a member function fetch_all() on a non-object in /home/ubuntu/workspace/php-func/guardar-cancion.php on line 21
[15-Oct-2015 19:49:51 UTC] PHP Stack trace:
[15-Oct-2015 19:49:51 UTC] PHP   1. {main}() /home/ubuntu/workspace/php-func/guardar-cancion.php:0
[15-Oct-2015 19:57:51 UTC] PHP Fatal error:  Call to a member function fetch_all() on a non-object in /home/ubuntu/workspace/php-func/guardar-cancion.php on line 21
[15-Oct-2015 19:57:51 UTC] PHP Stack trace:
[15-Oct-2015 19:57:51 UTC] PHP   1. {main}() /home/ubuntu/workspace/php-func/guardar-cancion.php:0
[16-Oct-2015 13:33:28 UTC] PHP Fatal error:  Call to a member function fetch_all() on a non-object in /home/ubuntu/workspace/php-func/guardar-cancion.php on line 21
[16-Oct-2015 13:33:28 UTC] PHP Fatal error:  Call to a member function fetch_all() on a non-object in /home/ubuntu/workspace/php-func/guardar-cancion.php on line 21
[16-Oct-2015 13:33:28 UTC] PHP Stack trace:
[16-Oct-2015 13:33:28 UTC] PHP Stack trace:
[16-Oct-2015 13:33:28 UTC] PHP   1. {main}() /home/ubuntu/workspace/php-func/guardar-cancion.php:0
[16-Oct-2015 13:33:28 UTC] PHP   1. {main}() /home/ubuntu/workspace/php-func/guardar-cancion.php:0
[16-Oct-2015 14:01:58 UTC] PHP Fatal error:  Call to a member function fetch_assoc() on a non-object in /home/ubuntu/workspace/php-func/guardar-cancion.php on line 24
[16-Oct-2015 14:01:58 UTC] PHP Stack trace:
[16-Oct-2015 14:01:58 UTC] PHP Fatal error:  Call to a member function fetch_assoc() on a non-object in /home/ubuntu/workspace/php-func/guardar-cancion.php on line 24
[16-Oct-2015 14:01:58 UTC] PHP   1. {main}() /home/ubuntu/workspace/php-func/guardar-cancion.php:0
[16-Oct-2015 14:01:58 UTC] PHP Stack trace:
[16-Oct-2015 14:01:58 UTC] PHP   1. {main}() /home/ubuntu/workspace/php-func/guardar-cancion.php:0
[16-Oct-2015 14:02:25 UTC] PHP Fatal error:  Call to a member function fetch_assoc() on a non-object in /home/ubuntu/workspace/php-func/guardar-cancion.php on line 24
[16-Oct-2015 14:02:25 UTC] PHP Stack trace:
[16-Oct-2015 14:02:25 UTC] PHP   1. {main}() /home/ubuntu/workspace/php-func/guardar-cancion.php:0
[16-Oct-2015 14:02:25 UTC] PHP Fatal error:  Call to a member function fetch_assoc() on a non-object in /home/ubuntu/workspace/php-func/guardar-cancion.php on line 24
[16-Oct-2015 14:02:25 UTC] PHP Stack trace:
[16-Oct-2015 14:02:25 UTC] PHP   1. {main}() /home/ubuntu/workspace/php-func/guardar-cancion.php:0
[16-Oct-2015 14:44:05 UTC] PHP Catchable fatal error:  Object of class mysqli_result could not be converted to string in /home/ubuntu/workspace/php-func/guardar-cancion.php on line 29
[16-Oct-2015 14:44:05 UTC] PHP Stack trace:
[16-Oct-2015 14:44:05 UTC] PHP   1. {main}() /home/ubuntu/workspace/php-func/guardar-cancion.php:0
[16-Oct-2015 14:44:05 UTC] PHP Catchable fatal error:  Object of class mysqli_result could not be converted to string in /home/ubuntu/workspace/php-func/guardar-cancion.php on line 29
[16-Oct-2015 14:44:05 UTC] PHP Stack trace:
[16-Oct-2015 14:44:05 UTC] PHP   1. {main}() /home/ubuntu/workspace/php-func/guardar-cancion.php:0
[16-Oct-2015 14:48:56 UTC] PHP Catchable fatal error:  Object of class mysqli_result could not be converted to string in /home/ubuntu/workspace/php-func/guardar-cancion.php on line 26
[16-Oct-2015 14:48:56 UTC] PHP Stack trace:
[16-Oct-2015 14:48:56 UTC] PHP   1. {main}() /home/ubuntu/workspace/php-func/guardar-cancion.php:0
[16-Oct-2015 18:45:02 UTC] PHP Fatal error:  Call to a member function fetch_assoc() on a non-object in /home/ubuntu/workspace/php-func/guardar-cancion.php on line 21
[16-Oct-2015 18:45:02 UTC] PHP Stack trace:
[16-Oct-2015 18:45:02 UTC] PHP   1. {main}() /home/ubuntu/workspace/php-func/guardar-cancion.php:0
[16-Oct-2015 18:49:13 UTC] PHP Fatal error:  Call to a member function fetch_all() on a non-object in /home/ubuntu/workspace/php-func/guardar-cancion.php on line 21
[16-Oct-2015 18:49:13 UTC] PHP Stack trace:
[16-Oct-2015 18:49:13 UTC] PHP   1. {main}() /home/ubuntu/workspace/php-func/guardar-cancion.php:0
[16-Oct-2015 18:53:36 UTC] PHP Fatal error:  Call to a member function fetch_assoc() on a non-object in /home/ubuntu/workspace/php-func/guardar-cancion.php on line 63
[16-Oct-2015 18:53:36 UTC] PHP Stack trace:
[16-Oct-2015 18:53:36 UTC] PHP   1. {main}() /home/ubuntu/workspace/php-func/guardar-cancion.php:0
[16-Oct-2015 18:53:36 UTC] PHP   2. convertirMatriz() /home/ubuntu/workspace/php-func/guardar-cancion.php:21
[16-Oct-2015 19:26:06 UTC] PHP Parse error:  syntax error, unexpected 'private' (T_PRIVATE) in /home/ubuntu/workspace/php-func/guardar-cancion.php on line 67
[16-Oct-2015 19:26:06 UTC] PHP Parse error:  syntax error, unexpected 'private' (T_PRIVATE) in /home/ubuntu/workspace/php-func/guardar-cancion.php on line 67
[16-Oct-2015 19:26:21 UTC] PHP Warning:  mysql_fetch_assoc() expects parameter 1 to be resource, object given in /home/ubuntu/workspace/php-func/guardar-cancion.php on line 70
[16-Oct-2015 19:26:21 UTC] PHP Stack trace:
[16-Oct-2015 19:26:21 UTC] PHP   1. {main}() /home/ubuntu/workspace/php-func/guardar-cancion.php:0
[16-Oct-2015 19:26:21 UTC] PHP   2. resultToArray() /home/ubuntu/workspace/php-func/guardar-cancion.php:21
[16-Oct-2015 19:26:21 UTC] PHP   3. mysql_fetch_assoc() /home/ubuntu/workspace/php-func/guardar-cancion.php:70
[16-Oct-2015 19:26:56 UTC] PHP Warning:  mysql_fetch_assoc() expects parameter 1 to be resource, object given in /home/ubuntu/workspace/php-func/guardar-cancion.php on line 69
[16-Oct-2015 19:26:56 UTC] PHP Stack trace:
[16-Oct-2015 19:26:56 UTC] PHP   1. {main}() /home/ubuntu/workspace/php-func/guardar-cancion.php:0
[16-Oct-2015 19:26:56 UTC] PHP   2. resultToArray() /home/ubuntu/workspace/php-func/guardar-cancion.php:21
[16-Oct-2015 19:26:56 UTC] PHP   3. mysql_fetch_assoc() /home/ubuntu/workspace/php-func/guardar-cancion.php:69
[16-Oct-2015 19:26:56 UTC] PHP Warning:  mysql_fetch_assoc() expects parameter 1 to be resource, boolean given in /home/ubuntu/workspace/php-func/guardar-cancion.php on line 69
[16-Oct-2015 19:26:56 UTC] PHP Stack trace:
[16-Oct-2015 19:26:56 UTC] PHP   1. {main}() /home/ubuntu/workspace/php-func/guardar-cancion.php:0
[16-Oct-2015 19:26:56 UTC] PHP   2. resultToArray() /home/ubuntu/workspace/php-func/guardar-cancion.php:21
[16-Oct-2015 19:26:56 UTC] PHP   3. mysql_fetch_assoc() /home/ubuntu/workspace/php-func/guardar-cancion.php:69
[16-Oct-2015 19:27:54 UTC] PHP Fatal error:  Call to a member function fetch_assoc() on a non-object in /home/ubuntu/workspace/php-func/guardar-cancion.php on line 69
[16-Oct-2015 19:27:54 UTC] PHP Stack trace:
[16-Oct-2015 19:27:54 UTC] PHP   1. {main}() /home/ubuntu/workspace/php-func/guardar-cancion.php:0
[16-Oct-2015 19:27:54 UTC] PHP   2. resultToArray() /home/ubuntu/workspace/php-func/guardar-cancion.php:21
[16-Oct-2015 19:28:35 UTC] PHP Fatal error:  Call to a member function fetch_assoc() on a non-object in /home/ubuntu/workspace/php-func/guardar-cancion.php on line 68
[16-Oct-2015 19:28:35 UTC] PHP Stack trace:
[16-Oct-2015 19:28:35 UTC] PHP   1. {main}() /home/ubuntu/workspace/php-func/guardar-cancion.php:0
[16-Oct-2015 19:28:35 UTC] PHP   2. resultToArray() /home/ubuntu/workspace/php-func/guardar-cancion.php:20
[16-Oct-2015 19:30:53 UTC] PHP Fatal error:  Call to a member function fetch_assoc() on a non-object in /home/ubuntu/workspace/php-func/guardar-cancion.php on line 68
[16-Oct-2015 19:30:53 UTC] PHP Stack trace:
[16-Oct-2015 19:30:53 UTC] PHP   1. {main}() /home/ubuntu/workspace/php-func/guardar-cancion.php:0
[16-Oct-2015 19:30:53 UTC] PHP   2. resultToArray() /home/ubuntu/workspace/php-func/guardar-cancion.php:20
[16-Oct-2015 19:39:08 UTC] PHP Fatal error:  Call to a member function fetch_assoc() on a non-object in /home/ubuntu/workspace/php-func/guardar-cancion.php on line 69
[16-Oct-2015 19:39:08 UTC] PHP Stack trace:
[16-Oct-2015 19:39:08 UTC] PHP   1. {main}() /home/ubuntu/workspace/php-func/guardar-cancion.php:0
[16-Oct-2015 19:39:08 UTC] PHP   2. resultToArray() /home/ubuntu/workspace/php-func/guardar-cancion.php:21
[16-Oct-2015 19:39:56 UTC] PHP Fatal error:  Call to a member function fetch_assoc() on a non-object in /home/ubuntu/workspace/php-func/guardar-cancion.php on line 69
[16-Oct-2015 19:39:56 UTC] PHP Stack trace:
[16-Oct-2015 19:39:56 UTC] PHP   1. {main}() /home/ubuntu/workspace/php-func/guardar-cancion.php:0
[16-Oct-2015 19:39:56 UTC] PHP   2. resultToArray() /home/ubuntu/workspace/php-func/guardar-cancion.php:21
[16-Oct-2015 19:52:37 UTC] PHP Fatal error:  Call to a member function fetch_assoc() on a non-object in /home/ubuntu/workspace/php-func/guardar-cancion.php on line 23
[16-Oct-2015 19:52:37 UTC] PHP Stack trace:
[16-Oct-2015 19:52:37 UTC] PHP   1. {main}() /home/ubuntu/workspace/php-func/guardar-cancion.php:0
